This file contains any messages produced by compilers while
running configure, to aid debugging if configure makes a mistake.

It was created by configure, which was
generated by GNU Autoconf 2.69.  Invocation command line was

  $ ./configure --host=arm-linux

## --------- ##
## Platform. ##
## --------- ##

hostname = sjvmdevapp039
uname -m = x86_64
uname -r = 4.4.0-170-generic
uname -s = Linux
uname -v = #199-Ubuntu SMP Thu Nov 14 01:45:04 UTC 2019

/usr/bin/uname -p = unknown
/bin/uname -X     = unknown

/bin/arch              = unknown
/usr/bin/arch -k       = unknown
/usr/convex/getsysinfo = unknown
/usr/bin/hostinfo      = unknown
/bin/machine           = unknown
/usr/bin/oslevel       = unknown
/bin/universe          = unknown

PATH: /home/vvenkata/vijay/Orbi-ntgr-rtm-ja-10.0/qsdk/staging_dir/toolchain-aarch64_cortex-a53_gcc-5.2.0_musl-1.1.16/bin
PATH: /home/vvenkata/bin
PATH: /home/vvenkata/.local/bin
PATH: /usr/local/sbin
PATH: /usr/local/bin
PATH: /usr/sbin
PATH: /usr/bin
PATH: /sbin
PATH: /bin
PATH: /usr/games
PATH: /usr/local/games
PATH: /snap/bin
PATH: /opt/androidSDK/tools
PATH: /opt/androidSDK/tools/bin
PATH: /opt/androidSDK/android-studio/tools//bin


## ----------- ##
## Core tests. ##
## ----------- ##

configure:2151: checking whether ln -s works
configure:2155: result: yes
configure:2166: checking for bison
configure:2182: found /usr/bin/bison
configure:2193: result: bison -y
configure:2213: checking for arm-linux-gcc
configure:2240: result: aarch64-openwrt-linux-musl-gcc
configure:2509: checking for C compiler version
configure:2518: aarch64-openwrt-linux-musl-gcc --version >&5
aarch64-openwrt-linux-musl-gcc (OpenWrt GCC 5.2.0 rtm-3.2.10.10+r49254) 5.2.0
Copyright (C) 2015 Free Software Foundation, Inc.
This is free software; see the source for copying conditions.  There is NO
warranty; not even for MERCHANTABILITY or FITNESS FOR A PARTICULAR PURPOSE.

configure:2529: $? = 0
configure:2518: aarch64-openwrt-linux-musl-gcc -v >&5
Reading specs from /home/vvenkata/vijay/Orbi-ntgr-rtm-ja-10.0/qsdk/staging_dir/toolchain-aarch64_cortex-a53_gcc-5.2.0_musl-1.1.16/lib/gcc/aarch64-openwrt-linux-musl/5.2.0/specs
COLLECT_GCC=aarch64-openwrt-linux-musl-gcc
COLLECT_LTO_WRAPPER=/home/vvenkata/vijay/Orbi-ntgr-rtm-ja-10.0/qsdk/staging_dir/toolchain-aarch64_cortex-a53_gcc-5.2.0_musl-1.1.16/libexec/gcc/aarch64-openwrt-linux-musl/5.2.0/lto-wrapper
Target: aarch64-openwrt-linux-musl
Configured with: /home/vvenkata/vijay/Orbi-ntgr-rtm-ja-10.0/qsdk/build_dir/toolchain-aarch64_cortex-a53_gcc-5.2.0_musl-1.1.16/gcc-5.2.0/configure --with-bugurl=https://dev.openwrt.org/ --with-pkgversion='OpenWrt GCC 5.2.0 rtm-3.2.10.10+r49254' --prefix=/home/vvenkata/vijay/Orbi-ntgr-rtm-ja-10.0/qsdk/staging_dir/toolchain-aarch64_cortex-a53_gcc-5.2.0_musl-1.1.16 --build=x86_64-linux-gnu --host=x86_64-linux-gnu --target=aarch64-openwrt-linux-musl --with-gnu-ld --enable-target-optspace --disable-libgomp --disable-libmudflap --disable-multilib --disable-nls --with-host-libstdcxx=-lstdc++ --with-gmp=/home/vvenkata/vijay/Orbi-ntgr-rtm-ja-10.0/qsdk/staging_dir/host --with-mpfr=/home/vvenkata/vijay/Orbi-ntgr-rtm-ja-10.0/qsdk/staging_dir/host --with-mpc=/home/vvenkata/vijay/Orbi-ntgr-rtm-ja-10.0/qsdk/staging_dir/host --disable-decimal-float --enable-libssp --enable-__cxa_atexit --with-arch=armv8-a --with-headers=/home/vvenkata/vijay/Orbi-ntgr-rtm-ja-10.0/qsdk/staging_dir/toolchain-aarch64_cortex-a53_gcc-5.2.0_musl-1.1.16/include --disable-libsanitizer --enable-languages=c,c++ --enable-shared --enable-threads --with-slibdir=/home/vvenkata/vijay/Orbi-ntgr-rtm-ja-10.0/qsdk/staging_dir/toolchain-aarch64_cortex-a53_gcc-5.2.0_musl-1.1.16/lib
Thread model: posix
gcc version 5.2.0 (OpenWrt GCC 5.2.0 rtm-3.2.10.10+r49254) 
configure:2529: $? = 0
configure:2518: aarch64-openwrt-linux-musl-gcc -V >&5
aarch64-openwrt-linux-musl-gcc: error: unrecognized command line option '-V'
aarch64-openwrt-linux-musl-gcc: fatal error: no input files
compilation terminated.
configure:2529: $? = 1
configure:2518: aarch64-openwrt-linux-musl-gcc -qversion >&5
aarch64-openwrt-linux-musl-gcc: error: unrecognized command line option '-qversion'
aarch64-openwrt-linux-musl-gcc: fatal error: no input files
compilation terminated.
configure:2529: $? = 1
configure:2549: checking whether the C compiler works
configure:2571: aarch64-openwrt-linux-musl-gcc -Os -O2 -Wno-unused-but-set-variable -Werror=implicit-function-declaration -DFX_NAND_BOOT -DCONFIG_QCA_SDK -DU12H404 -DRBR750 -DORBI_AX -DORBI_AX_ROUTER -DU12H340 -DR7800 -DRBW50 -DORBI_WALLPLUG -DORBI_ROUTER -DINCLULDE_2ND_5G_RADIO -DDUAL_TRI_BAND_HW_SUPPORT -DWLAN_REPEATER -DRESTART_ALL_PROCESSES -DMULTIPLE_SSID -DENABLE_ML -DOPEN_SOURCE_SUPPORT -DINCLUDE_DUAL_BAND -DSINGLE_FIRMWARE -DINCLUDE_GET_ST_CHKSUM -DUNIFIED_STR_TBL -DFIRST_MTD_ROTATION -DWIFI_ON_OFF_SCHE -DAUTO_CONN_24HR -DIGMP_PROXY -D__CONFIG_IGMP_SNOOPING__ -DLINUX26 -DINCLUDE_IPV6 -DPRESET_WL_SECURITY -DSUPPORT_AC_MODE -DPPP_RU_DESIGN -DSOAP_API_20 -DSOAP_API_ORBI -DSW_3_0_SPEC -DORBI_WALL_ -DINCLUDE_ROUTER_ANALYTICS -DAP_MODE -DCONFIG_ARNONAT -Os -DLINUX26 -DCONFIG_KERNEL_2_6_36 -DXAGENT_CLOUD_SUPPORT -DOPENDNS_PARENTAL_CONTROL   conftest.c  >&5
configure:2575: $? = 0
configure:2623: result: yes
configure:2626: checking for C compiler default output file name
configure:2628: result: a.out
configure:2634: checking for suffix of executables
configure:2641: aarch64-openwrt-linux-musl-gcc -o conftest -Os -O2 -Wno-unused-but-set-variable -Werror=implicit-function-declaration -DFX_NAND_BOOT -DCONFIG_QCA_SDK -DU12H404 -DRBR750 -DORBI_AX -DORBI_AX_ROUTER -DU12H340 -DR7800 -DRBW50 -DORBI_WALLPLUG -DORBI_ROUTER -DINCLULDE_2ND_5G_RADIO -DDUAL_TRI_BAND_HW_SUPPORT -DWLAN_REPEATER -DRESTART_ALL_PROCESSES -DMULTIPLE_SSID -DENABLE_ML -DOPEN_SOURCE_SUPPORT -DINCLUDE_DUAL_BAND -DSINGLE_FIRMWARE -DINCLUDE_GET_ST_CHKSUM -DUNIFIED_STR_TBL -DFIRST_MTD_ROTATION -DWIFI_ON_OFF_SCHE -DAUTO_CONN_24HR -DIGMP_PROXY -D__CONFIG_IGMP_SNOOPING__ -DLINUX26 -DINCLUDE_IPV6 -DPRESET_WL_SECURITY -DSUPPORT_AC_MODE -DPPP_RU_DESIGN -DSOAP_API_20 -DSOAP_API_ORBI -DSW_3_0_SPEC -DORBI_WALL_ -DINCLUDE_ROUTER_ANALYTICS -DAP_MODE -DCONFIG_ARNONAT -Os -DLINUX26 -DCONFIG_KERNEL_2_6_36 -DXAGENT_CLOUD_SUPPORT -DOPENDNS_PARENTAL_CONTROL   conftest.c  >&5
configure:2645: $? = 0
configure:2667: result: 
configure:2689: checking whether we are cross compiling
configure:2697: aarch64-openwrt-linux-musl-gcc -o conftest -Os -O2 -Wno-unused-but-set-variable -Werror=implicit-function-declaration -DFX_NAND_BOOT -DCONFIG_QCA_SDK -DU12H404 -DRBR750 -DORBI_AX -DORBI_AX_ROUTER -DU12H340 -DR7800 -DRBW50 -DORBI_WALLPLUG -DORBI_ROUTER -DINCLULDE_2ND_5G_RADIO -DDUAL_TRI_BAND_HW_SUPPORT -DWLAN_REPEATER -DRESTART_ALL_PROCESSES -DMULTIPLE_SSID -DENABLE_ML -DOPEN_SOURCE_SUPPORT -DINCLUDE_DUAL_BAND -DSINGLE_FIRMWARE -DINCLUDE_GET_ST_CHKSUM -DUNIFIED_STR_TBL -DFIRST_MTD_ROTATION -DWIFI_ON_OFF_SCHE -DAUTO_CONN_24HR -DIGMP_PROXY -D__CONFIG_IGMP_SNOOPING__ -DLINUX26 -DINCLUDE_IPV6 -DPRESET_WL_SECURITY -DSUPPORT_AC_MODE -DPPP_RU_DESIGN -DSOAP_API_20 -DSOAP_API_ORBI -DSW_3_0_SPEC -DORBI_WALL_ -DINCLUDE_ROUTER_ANALYTICS -DAP_MODE -DCONFIG_ARNONAT -Os -DLINUX26 -DCONFIG_KERNEL_2_6_36 -DXAGENT_CLOUD_SUPPORT -DOPENDNS_PARENTAL_CONTROL   conftest.c  >&5
configure:2701: $? = 0
configure:2708: ./conftest
./configure: line 2710: ./conftest: cannot execute binary file: Exec format error
configure:2712: $? = 126
configure:2727: result: yes
configure:2732: checking for suffix of object files
configure:2754: aarch64-openwrt-linux-musl-gcc -c -Os -O2 -Wno-unused-but-set-variable -Werror=implicit-function-declaration -DFX_NAND_BOOT -DCONFIG_QCA_SDK -DU12H404 -DRBR750 -DORBI_AX -DORBI_AX_ROUTER -DU12H340 -DR7800 -DRBW50 -DORBI_WALLPLUG -DORBI_ROUTER -DINCLULDE_2ND_5G_RADIO -DDUAL_TRI_BAND_HW_SUPPORT -DWLAN_REPEATER -DRESTART_ALL_PROCESSES -DMULTIPLE_SSID -DENABLE_ML -DOPEN_SOURCE_SUPPORT -DINCLUDE_DUAL_BAND -DSINGLE_FIRMWARE -DINCLUDE_GET_ST_CHKSUM -DUNIFIED_STR_TBL -DFIRST_MTD_ROTATION -DWIFI_ON_OFF_SCHE -DAUTO_CONN_24HR -DIGMP_PROXY -D__CONFIG_IGMP_SNOOPING__ -DLINUX26 -DINCLUDE_IPV6 -DPRESET_WL_SECURITY -DSUPPORT_AC_MODE -DPPP_RU_DESIGN -DSOAP_API_20 -DSOAP_API_ORBI -DSW_3_0_SPEC -DORBI_WALL_ -DINCLUDE_ROUTER_ANALYTICS -DAP_MODE -DCONFIG_ARNONAT -Os -DLINUX26 -DCONFIG_KERNEL_2_6_36 -DXAGENT_CLOUD_SUPPORT -DOPENDNS_PARENTAL_CONTROL  conftest.c >&5
configure:2758: $? = 0
configure:2779: result: o
configure:2783: checking whether we are using the GNU C compiler
configure:2802: aarch64-openwrt-linux-musl-gcc -c -Os -O2 -Wno-unused-but-set-variable -Werror=implicit-function-declaration -DFX_NAND_BOOT -DCONFIG_QCA_SDK -DU12H404 -DRBR750 -DORBI_AX -DORBI_AX_ROUTER -DU12H340 -DR7800 -DRBW50 -DORBI_WALLPLUG -DORBI_ROUTER -DINCLULDE_2ND_5G_RADIO -DDUAL_TRI_BAND_HW_SUPPORT -DWLAN_REPEATER -DRESTART_ALL_PROCESSES -DMULTIPLE_SSID -DENABLE_ML -DOPEN_SOURCE_SUPPORT -DINCLUDE_DUAL_BAND -DSINGLE_FIRMWARE -DINCLUDE_GET_ST_CHKSUM -DUNIFIED_STR_TBL -DFIRST_MTD_ROTATION -DWIFI_ON_OFF_SCHE -DAUTO_CONN_24HR -DIGMP_PROXY -D__CONFIG_IGMP_SNOOPING__ -DLINUX26 -DINCLUDE_IPV6 -DPRESET_WL_SECURITY -DSUPPORT_AC_MODE -DPPP_RU_DESIGN -DSOAP_API_20 -DSOAP_API_ORBI -DSW_3_0_SPEC -DORBI_WALL_ -DINCLUDE_ROUTER_ANALYTICS -DAP_MODE -DCONFIG_ARNONAT -Os -DLINUX26 -DCONFIG_KERNEL_2_6_36 -DXAGENT_CLOUD_SUPPORT -DOPENDNS_PARENTAL_CONTROL  conftest.c >&5
configure:2802: $? = 0
configure:2811: result: yes
configure:2820: checking whether aarch64-openwrt-linux-musl-gcc accepts -g
configure:2840: aarch64-openwrt-linux-musl-gcc -c -g  conftest.c >&5
configure:2840: $? = 0
configure:2881: result: yes
configure:2898: checking for aarch64-openwrt-linux-musl-gcc option to accept ISO C89
configure:2961: aarch64-openwrt-linux-musl-gcc  -c -Os -O2 -Wno-unused-but-set-variable -Werror=implicit-function-declaration -DFX_NAND_BOOT -DCONFIG_QCA_SDK -DU12H404 -DRBR750 -DORBI_AX -DORBI_AX_ROUTER -DU12H340 -DR7800 -DRBW50 -DORBI_WALLPLUG -DORBI_ROUTER -DINCLULDE_2ND_5G_RADIO -DDUAL_TRI_BAND_HW_SUPPORT -DWLAN_REPEATER -DRESTART_ALL_PROCESSES -DMULTIPLE_SSID -DENABLE_ML -DOPEN_SOURCE_SUPPORT -DINCLUDE_DUAL_BAND -DSINGLE_FIRMWARE -DINCLUDE_GET_ST_CHKSUM -DUNIFIED_STR_TBL -DFIRST_MTD_ROTATION -DWIFI_ON_OFF_SCHE -DAUTO_CONN_24HR -DIGMP_PROXY -D__CONFIG_IGMP_SNOOPING__ -DLINUX26 -DINCLUDE_IPV6 -DPRESET_WL_SECURITY -DSUPPORT_AC_MODE -DPPP_RU_DESIGN -DSOAP_API_20 -DSOAP_API_ORBI -DSW_3_0_SPEC -DORBI_WALL_ -DINCLUDE_ROUTER_ANALYTICS -DAP_MODE -DCONFIG_ARNONAT -Os -DLINUX26 -DCONFIG_KERNEL_2_6_36 -DXAGENT_CLOUD_SUPPORT -DOPENDNS_PARENTAL_CONTROL  conftest.c >&5
configure:2961: $? = 0
configure:2974: result: none needed
configure:2997: checking for arm-linux-ranlib
configure:3024: result: aarch64-openwrt-linux-musl-ranlib
configure:3129: checking for a BSD-compatible install
configure:3197: result: /usr/bin/install -c
configure:3208: checking whether make sets $(MAKE)
configure:3230: result: yes
configure:3240: checking for an ANSI C-conforming const
configure:3306: aarch64-openwrt-linux-musl-gcc -c -Os -O2 -Wno-unused-but-set-variable -Werror=implicit-function-declaration -DFX_NAND_BOOT -DCONFIG_QCA_SDK -DU12H404 -DRBR750 -DORBI_AX -DORBI_AX_ROUTER -DU12H340 -DR7800 -DRBW50 -DORBI_WALLPLUG -DORBI_ROUTER -DINCLULDE_2ND_5G_RADIO -DDUAL_TRI_BAND_HW_SUPPORT -DWLAN_REPEATER -DRESTART_ALL_PROCESSES -DMULTIPLE_SSID -DENABLE_ML -DOPEN_SOURCE_SUPPORT -DINCLUDE_DUAL_BAND -DSINGLE_FIRMWARE -DINCLUDE_GET_ST_CHKSUM -DUNIFIED_STR_TBL -DFIRST_MTD_ROTATION -DWIFI_ON_OFF_SCHE -DAUTO_CONN_24HR -DIGMP_PROXY -D__CONFIG_IGMP_SNOOPING__ -DLINUX26 -DINCLUDE_IPV6 -DPRESET_WL_SECURITY -DSUPPORT_AC_MODE -DPPP_RU_DESIGN -DSOAP_API_20 -DSOAP_API_ORBI -DSW_3_0_SPEC -DORBI_WALL_ -DINCLUDE_ROUTER_ANALYTICS -DAP_MODE -DCONFIG_ARNONAT -Os -DLINUX26 -DCONFIG_KERNEL_2_6_36 -DXAGENT_CLOUD_SUPPORT -DOPENDNS_PARENTAL_CONTROL  conftest.c >&5
configure:3306: $? = 0
configure:3313: result: yes
configure:3326: checking how to run the C preprocessor
configure:3396: result: aarch64-openwrt-linux-musl-gcc -E
configure:3416: aarch64-openwrt-linux-musl-gcc -E  conftest.c
configure:3416: $? = 0
configure:3430: aarch64-openwrt-linux-musl-gcc -E  conftest.c
conftest.c:9:28: fatal error: ac_nonexistent.h: No such file or directory
compilation terminated.
configure:3430: $? = 1
configure: failed program was:
| /* confdefs.h */
| #define PACKAGE_NAME ""
| #define PACKAGE_TARNAME ""
| #define PACKAGE_VERSION ""
| #define PACKAGE_STRING ""
| #define PACKAGE_BUGREPORT ""
| #define PACKAGE_URL ""
| /* end confdefs.h.  */
| #include <ac_nonexistent.h>
configure:3459: checking for grep that handles long lines and -e
configure:3517: result: /bin/grep
configure:3522: checking for egrep
configure:3584: result: /bin/grep -E
configure:3589: checking for ANSI C header files
configure:3609: aarch64-openwrt-linux-musl-gcc -c -Os -O2 -Wno-unused-but-set-variable -Werror=implicit-function-declaration -DFX_NAND_BOOT -DCONFIG_QCA_SDK -DU12H404 -DRBR750 -DORBI_AX -DORBI_AX_ROUTER -DU12H340 -DR7800 -DRBW50 -DORBI_WALLPLUG -DORBI_ROUTER -DINCLULDE_2ND_5G_RADIO -DDUAL_TRI_BAND_HW_SUPPORT -DWLAN_REPEATER -DRESTART_ALL_PROCESSES -DMULTIPLE_SSID -DENABLE_ML -DOPEN_SOURCE_SUPPORT -DINCLUDE_DUAL_BAND -DSINGLE_FIRMWARE -DINCLUDE_GET_ST_CHKSUM -DUNIFIED_STR_TBL -DFIRST_MTD_ROTATION -DWIFI_ON_OFF_SCHE -DAUTO_CONN_24HR -DIGMP_PROXY -D__CONFIG_IGMP_SNOOPING__ -DLINUX26 -DINCLUDE_IPV6 -DPRESET_WL_SECURITY -DSUPPORT_AC_MODE -DPPP_RU_DESIGN -DSOAP_API_20 -DSOAP_API_ORBI -DSW_3_0_SPEC -DORBI_WALL_ -DINCLUDE_ROUTER_ANALYTICS -DAP_MODE -DCONFIG_ARNONAT -Os -DLINUX26 -DCONFIG_KERNEL_2_6_36 -DXAGENT_CLOUD_SUPPORT -DOPENDNS_PARENTAL_CONTROL  conftest.c >&5
configure:3609: $? = 0
configure:3693: result: yes
configure:3706: checking for sys/types.h
configure:3706: aarch64-openwrt-linux-musl-gcc -c -Os -O2 -Wno-unused-but-set-variable -Werror=implicit-function-declaration -DFX_NAND_BOOT -DCONFIG_QCA_SDK -DU12H404 -DRBR750 -DORBI_AX -DORBI_AX_ROUTER -DU12H340 -DR7800 -DRBW50 -DORBI_WALLPLUG -DORBI_ROUTER -DINCLULDE_2ND_5G_RADIO -DDUAL_TRI_BAND_HW_SUPPORT -DWLAN_REPEATER -DRESTART_ALL_PROCESSES -DMULTIPLE_SSID -DENABLE_ML -DOPEN_SOURCE_SUPPORT -DINCLUDE_DUAL_BAND -DSINGLE_FIRMWARE -DINCLUDE_GET_ST_CHKSUM -DUNIFIED_STR_TBL -DFIRST_MTD_ROTATION -DWIFI_ON_OFF_SCHE -DAUTO_CONN_24HR -DIGMP_PROXY -D__CONFIG_IGMP_SNOOPING__ -DLINUX26 -DINCLUDE_IPV6 -DPRESET_WL_SECURITY -DSUPPORT_AC_MODE -DPPP_RU_DESIGN -DSOAP_API_20 -DSOAP_API_ORBI -DSW_3_0_SPEC -DORBI_WALL_ -DINCLUDE_ROUTER_ANALYTICS -DAP_MODE -DCONFIG_ARNONAT -Os -DLINUX26 -DCONFIG_KERNEL_2_6_36 -DXAGENT_CLOUD_SUPPORT -DOPENDNS_PARENTAL_CONTROL  conftest.c >&5
configure:3706: $? = 0
configure:3706: result: yes
configure:3706: checking for sys/stat.h
configure:3706: aarch64-openwrt-linux-musl-gcc -c -Os -O2 -Wno-unused-but-set-variable -Werror=implicit-function-declaration -DFX_NAND_BOOT -DCONFIG_QCA_SDK -DU12H404 -DRBR750 -DORBI_AX -DORBI_AX_ROUTER -DU12H340 -DR7800 -DRBW50 -DORBI_WALLPLUG -DORBI_ROUTER -DINCLULDE_2ND_5G_RADIO -DDUAL_TRI_BAND_HW_SUPPORT -DWLAN_REPEATER -DRESTART_ALL_PROCESSES -DMULTIPLE_SSID -DENABLE_ML -DOPEN_SOURCE_SUPPORT -DINCLUDE_DUAL_BAND -DSINGLE_FIRMWARE -DINCLUDE_GET_ST_CHKSUM -DUNIFIED_STR_TBL -DFIRST_MTD_ROTATION -DWIFI_ON_OFF_SCHE -DAUTO_CONN_24HR -DIGMP_PROXY -D__CONFIG_IGMP_SNOOPING__ -DLINUX26 -DINCLUDE_IPV6 -DPRESET_WL_SECURITY -DSUPPORT_AC_MODE -DPPP_RU_DESIGN -DSOAP_API_20 -DSOAP_API_ORBI -DSW_3_0_SPEC -DORBI_WALL_ -DINCLUDE_ROUTER_ANALYTICS -DAP_MODE -DCONFIG_ARNONAT -Os -DLINUX26 -DCONFIG_KERNEL_2_6_36 -DXAGENT_CLOUD_SUPPORT -DOPENDNS_PARENTAL_CONTROL  conftest.c >&5
configure:3706: $? = 0
configure:3706: result: yes
configure:3706: checking for stdlib.h
configure:3706: aarch64-openwrt-linux-musl-gcc -c -Os -O2 -Wno-unused-but-set-variable -Werror=implicit-function-declaration -DFX_NAND_BOOT -DCONFIG_QCA_SDK -DU12H404 -DRBR750 -DORBI_AX -DORBI_AX_ROUTER -DU12H340 -DR7800 -DRBW50 -DORBI_WALLPLUG -DORBI_ROUTER -DINCLULDE_2ND_5G_RADIO -DDUAL_TRI_BAND_HW_SUPPORT -DWLAN_REPEATER -DRESTART_ALL_PROCESSES -DMULTIPLE_SSID -DENABLE_ML -DOPEN_SOURCE_SUPPORT -DINCLUDE_DUAL_BAND -DSINGLE_FIRMWARE -DINCLUDE_GET_ST_CHKSUM -DUNIFIED_STR_TBL -DFIRST_MTD_ROTATION -DWIFI_ON_OFF_SCHE -DAUTO_CONN_24HR -DIGMP_PROXY -D__CONFIG_IGMP_SNOOPING__ -DLINUX26 -DINCLUDE_IPV6 -DPRESET_WL_SECURITY -DSUPPORT_AC_MODE -DPPP_RU_DESIGN -DSOAP_API_20 -DSOAP_API_ORBI -DSW_3_0_SPEC -DORBI_WALL_ -DINCLUDE_ROUTER_ANALYTICS -DAP_MODE -DCONFIG_ARNONAT -Os -DLINUX26 -DCONFIG_KERNEL_2_6_36 -DXAGENT_CLOUD_SUPPORT -DOPENDNS_PARENTAL_CONTROL  conftest.c >&5
configure:3706: $? = 0
configure:3706: result: yes
configure:3706: checking for string.h
configure:3706: aarch64-openwrt-linux-musl-gcc -c -Os -O2 -Wno-unused-but-set-variable -Werror=implicit-function-declaration -DFX_NAND_BOOT -DCONFIG_QCA_SDK -DU12H404 -DRBR750 -DORBI_AX -DORBI_AX_ROUTER -DU12H340 -DR7800 -DRBW50 -DORBI_WALLPLUG -DORBI_ROUTER -DINCLULDE_2ND_5G_RADIO -DDUAL_TRI_BAND_HW_SUPPORT -DWLAN_REPEATER -DRESTART_ALL_PROCESSES -DMULTIPLE_SSID -DENABLE_ML -DOPEN_SOURCE_SUPPORT -DINCLUDE_DUAL_BAND -DSINGLE_FIRMWARE -DINCLUDE_GET_ST_CHKSUM -DUNIFIED_STR_TBL -DFIRST_MTD_ROTATION -DWIFI_ON_OFF_SCHE -DAUTO_CONN_24HR -DIGMP_PROXY -D__CONFIG_IGMP_SNOOPING__ -DLINUX26 -DINCLUDE_IPV6 -DPRESET_WL_SECURITY -DSUPPORT_AC_MODE -DPPP_RU_DESIGN -DSOAP_API_20 -DSOAP_API_ORBI -DSW_3_0_SPEC -DORBI_WALL_ -DINCLUDE_ROUTER_ANALYTICS -DAP_MODE -DCONFIG_ARNONAT -Os -DLINUX26 -DCONFIG_KERNEL_2_6_36 -DXAGENT_CLOUD_SUPPORT -DOPENDNS_PARENTAL_CONTROL  conftest.c >&5
configure:3706: $? = 0
configure:3706: result: yes
configure:3706: checking for memory.h
configure:3706: aarch64-openwrt-linux-musl-gcc -c -Os -O2 -Wno-unused-but-set-variable -Werror=implicit-function-declaration -DFX_NAND_BOOT -DCONFIG_QCA_SDK -DU12H404 -DRBR750 -DORBI_AX -DORBI_AX_ROUTER -DU12H340 -DR7800 -DRBW50 -DORBI_WALLPLUG -DORBI_ROUTER -DINCLULDE_2ND_5G_RADIO -DDUAL_TRI_BAND_HW_SUPPORT -DWLAN_REPEATER -DRESTART_ALL_PROCESSES -DMULTIPLE_SSID -DENABLE_ML -DOPEN_SOURCE_SUPPORT -DINCLUDE_DUAL_BAND -DSINGLE_FIRMWARE -DINCLUDE_GET_ST_CHKSUM -DUNIFIED_STR_TBL -DFIRST_MTD_ROTATION -DWIFI_ON_OFF_SCHE -DAUTO_CONN_24HR -DIGMP_PROXY -D__CONFIG_IGMP_SNOOPING__ -DLINUX26 -DINCLUDE_IPV6 -DPRESET_WL_SECURITY -DSUPPORT_AC_MODE -DPPP_RU_DESIGN -DSOAP_API_20 -DSOAP_API_ORBI -DSW_3_0_SPEC -DORBI_WALL_ -DINCLUDE_ROUTER_ANALYTICS -DAP_MODE -DCONFIG_ARNONAT -Os -DLINUX26 -DCONFIG_KERNEL_2_6_36 -DXAGENT_CLOUD_SUPPORT -DOPENDNS_PARENTAL_CONTROL  conftest.c >&5
configure:3706: $? = 0
configure:3706: result: yes
configure:3706: checking for strings.h
configure:3706: aarch64-openwrt-linux-musl-gcc -c -Os -O2 -Wno-unused-but-set-variable -Werror=implicit-function-declaration -DFX_NAND_BOOT -DCONFIG_QCA_SDK -DU12H404 -DRBR750 -DORBI_AX -DORBI_AX_ROUTER -DU12H340 -DR7800 -DRBW50 -DORBI_WALLPLUG -DORBI_ROUTER -DINCLULDE_2ND_5G_RADIO -DDUAL_TRI_BAND_HW_SUPPORT -DWLAN_REPEATER -DRESTART_ALL_PROCESSES -DMULTIPLE_SSID -DENABLE_ML -DOPEN_SOURCE_SUPPORT -DINCLUDE_DUAL_BAND -DSINGLE_FIRMWARE -DINCLUDE_GET_ST_CHKSUM -DUNIFIED_STR_TBL -DFIRST_MTD_ROTATION -DWIFI_ON_OFF_SCHE -DAUTO_CONN_24HR -DIGMP_PROXY -D__CONFIG_IGMP_SNOOPING__ -DLINUX26 -DINCLUDE_IPV6 -DPRESET_WL_SECURITY -DSUPPORT_AC_MODE -DPPP_RU_DESIGN -DSOAP_API_20 -DSOAP_API_ORBI -DSW_3_0_SPEC -DORBI_WALL_ -DINCLUDE_ROUTER_ANALYTICS -DAP_MODE -DCONFIG_ARNONAT -Os -DLINUX26 -DCONFIG_KERNEL_2_6_36 -DXAGENT_CLOUD_SUPPORT -DOPENDNS_PARENTAL_CONTROL  conftest.c >&5
configure:3706: $? = 0
configure:3706: result: yes
configure:3706: checking for inttypes.h
configure:3706: aarch64-openwrt-linux-musl-gcc -c -Os -O2 -Wno-unused-but-set-variable -Werror=implicit-function-declaration -DFX_NAND_BOOT -DCONFIG_QCA_SDK -DU12H404 -DRBR750 -DORBI_AX -DORBI_AX_ROUTER -DU12H340 -DR7800 -DRBW50 -DORBI_WALLPLUG -DORBI_ROUTER -DINCLULDE_2ND_5G_RADIO -DDUAL_TRI_BAND_HW_SUPPORT -DWLAN_REPEATER -DRESTART_ALL_PROCESSES -DMULTIPLE_SSID -DENABLE_ML -DOPEN_SOURCE_SUPPORT -DINCLUDE_DUAL_BAND -DSINGLE_FIRMWARE -DINCLUDE_GET_ST_CHKSUM -DUNIFIED_STR_TBL -DFIRST_MTD_ROTATION -DWIFI_ON_OFF_SCHE -DAUTO_CONN_24HR -DIGMP_PROXY -D__CONFIG_IGMP_SNOOPING__ -DLINUX26 -DINCLUDE_IPV6 -DPRESET_WL_SECURITY -DSUPPORT_AC_MODE -DPPP_RU_DESIGN -DSOAP_API_20 -DSOAP_API_ORBI -DSW_3_0_SPEC -DORBI_WALL_ -DINCLUDE_ROUTER_ANALYTICS -DAP_MODE -DCONFIG_ARNONAT -Os -DLINUX26 -DCONFIG_KERNEL_2_6_36 -DXAGENT_CLOUD_SUPPORT -DOPENDNS_PARENTAL_CONTROL  conftest.c >&5
configure:3706: $? = 0
configure:3706: result: yes
configure:3706: checking for stdint.h
configure:3706: aarch64-openwrt-linux-musl-gcc -c -Os -O2 -Wno-unused-but-set-variable -Werror=implicit-function-declaration -DFX_NAND_BOOT -DCONFIG_QCA_SDK -DU12H404 -DRBR750 -DORBI_AX -DORBI_AX_ROUTER -DU12H340 -DR7800 -DRBW50 -DORBI_WALLPLUG -DORBI_ROUTER -DINCLULDE_2ND_5G_RADIO -DDUAL_TRI_BAND_HW_SUPPORT -DWLAN_REPEATER -DRESTART_ALL_PROCESSES -DMULTIPLE_SSID -DENABLE_ML -DOPEN_SOURCE_SUPPORT -DINCLUDE_DUAL_BAND -DSINGLE_FIRMWARE -DINCLUDE_GET_ST_CHKSUM -DUNIFIED_STR_TBL -DFIRST_MTD_ROTATION -DWIFI_ON_OFF_SCHE -DAUTO_CONN_24HR -DIGMP_PROXY -D__CONFIG_IGMP_SNOOPING__ -DLINUX26 -DINCLUDE_IPV6 -DPRESET_WL_SECURITY -DSUPPORT_AC_MODE -DPPP_RU_DESIGN -DSOAP_API_20 -DSOAP_API_ORBI -DSW_3_0_SPEC -DORBI_WALL_ -DINCLUDE_ROUTER_ANALYTICS -DAP_MODE -DCONFIG_ARNONAT -Os -DLINUX26 -DCONFIG_KERNEL_2_6_36 -DXAGENT_CLOUD_SUPPORT -DOPENDNS_PARENTAL_CONTROL  conftest.c >&5
configure:3706: $? = 0
configure:3706: result: yes
configure:3706: checking for unistd.h
configure:3706: aarch64-openwrt-linux-musl-gcc -c -Os -O2 -Wno-unused-but-set-variable -Werror=implicit-function-declaration -DFX_NAND_BOOT -DCONFIG_QCA_SDK -DU12H404 -DRBR750 -DORBI_AX -DORBI_AX_ROUTER -DU12H340 -DR7800 -DRBW50 -DORBI_WALLPLUG -DORBI_ROUTER -DINCLULDE_2ND_5G_RADIO -DDUAL_TRI_BAND_HW_SUPPORT -DWLAN_REPEATER -DRESTART_ALL_PROCESSES -DMULTIPLE_SSID -DENABLE_ML -DOPEN_SOURCE_SUPPORT -DINCLUDE_DUAL_BAND -DSINGLE_FIRMWARE -DINCLUDE_GET_ST_CHKSUM -DUNIFIED_STR_TBL -DFIRST_MTD_ROTATION -DWIFI_ON_OFF_SCHE -DAUTO_CONN_24HR -DIGMP_PROXY -D__CONFIG_IGMP_SNOOPING__ -DLINUX26 -DINCLUDE_IPV6 -DPRESET_WL_SECURITY -DSUPPORT_AC_MODE -DPPP_RU_DESIGN -DSOAP_API_20 -DSOAP_API_ORBI -DSW_3_0_SPEC -DORBI_WALL_ -DINCLUDE_ROUTER_ANALYTICS -DAP_MODE -DCONFIG_ARNONAT -Os -DLINUX26 -DCONFIG_KERNEL_2_6_36 -DXAGENT_CLOUD_SUPPORT -DOPENDNS_PARENTAL_CONTROL  conftest.c >&5
configure:3706: $? = 0
configure:3706: result: yes
configure:3718: checking for size_t
configure:3718: aarch64-openwrt-linux-musl-gcc -c -Os -O2 -Wno-unused-but-set-variable -Werror=implicit-function-declaration -DFX_NAND_BOOT -DCONFIG_QCA_SDK -DU12H404 -DRBR750 -DORBI_AX -DORBI_AX_ROUTER -DU12H340 -DR7800 -DRBW50 -DORBI_WALLPLUG -DORBI_ROUTER -DINCLULDE_2ND_5G_RADIO -DDUAL_TRI_BAND_HW_SUPPORT -DWLAN_REPEATER -DRESTART_ALL_PROCESSES -DMULTIPLE_SSID -DENABLE_ML -DOPEN_SOURCE_SUPPORT -DINCLUDE_DUAL_BAND -DSINGLE_FIRMWARE -DINCLUDE_GET_ST_CHKSUM -DUNIFIED_STR_TBL -DFIRST_MTD_ROTATION -DWIFI_ON_OFF_SCHE -DAUTO_CONN_24HR -DIGMP_PROXY -D__CONFIG_IGMP_SNOOPING__ -DLINUX26 -DINCLUDE_IPV6 -DPRESET_WL_SECURITY -DSUPPORT_AC_MODE -DPPP_RU_DESIGN -DSOAP_API_20 -DSOAP_API_ORBI -DSW_3_0_SPEC -DORBI_WALL_ -DINCLUDE_ROUTER_ANALYTICS -DAP_MODE -DCONFIG_ARNONAT -Os -DLINUX26 -DCONFIG_KERNEL_2_6_36 -DXAGENT_CLOUD_SUPPORT -DOPENDNS_PARENTAL_CONTROL  conftest.c >&5
configure:3718: $? = 0
configure:3718: aarch64-openwrt-linux-musl-gcc -c -Os -O2 -Wno-unused-but-set-variable -Werror=implicit-function-declaration -DFX_NAND_BOOT -DCONFIG_QCA_SDK -DU12H404 -DRBR750 -DORBI_AX -DORBI_AX_ROUTER -DU12H340 -DR7800 -DRBW50 -DORBI_WALLPLUG -DORBI_ROUTER -DINCLULDE_2ND_5G_RADIO -DDUAL_TRI_BAND_HW_SUPPORT -DWLAN_REPEATER -DRESTART_ALL_PROCESSES -DMULTIPLE_SSID -DENABLE_ML -DOPEN_SOURCE_SUPPORT -DINCLUDE_DUAL_BAND -DSINGLE_FIRMWARE -DINCLUDE_GET_ST_CHKSUM -DUNIFIED_STR_TBL -DFIRST_MTD_ROTATION -DWIFI_ON_OFF_SCHE -DAUTO_CONN_24HR -DIGMP_PROXY -D__CONFIG_IGMP_SNOOPING__ -DLINUX26 -DINCLUDE_IPV6 -DPRESET_WL_SECURITY -DSUPPORT_AC_MODE -DPPP_RU_DESIGN -DSOAP_API_20 -DSOAP_API_ORBI -DSW_3_0_SPEC -DORBI_WALL_ -DINCLUDE_ROUTER_ANALYTICS -DAP_MODE -DCONFIG_ARNONAT -Os -DLINUX26 -DCONFIG_KERNEL_2_6_36 -DXAGENT_CLOUD_SUPPORT -DOPENDNS_PARENTAL_CONTROL  conftest.c >&5
conftest.c: In function 'main':
conftest.c:55:21: error: expected expression before ')' token
 if (sizeof ((size_t)))
                     ^
configure:3718: $? = 1
configure: failed program was:
| /* confdefs.h */
| #define PACKAGE_NAME ""
| #define PACKAGE_TARNAME ""
| #define PACKAGE_VERSION ""
| #define PACKAGE_STRING ""
| #define PACKAGE_BUGREPORT ""
| #define PACKAGE_URL ""
| #define STDC_HEADERS 1
| #define HAVE_SYS_TYPES_H 1
| #define HAVE_SYS_STAT_H 1
| #define HAVE_STDLIB_H 1
| #define HAVE_STRING_H 1
| #define HAVE_MEMORY_H 1
| #define HAVE_STRINGS_H 1
| #define HAVE_INTTYPES_H 1
| #define HAVE_STDINT_H 1
| #define HAVE_UNISTD_H 1
| /* end confdefs.h.  */
| #include <stdio.h>
| #ifdef HAVE_SYS_TYPES_H
| # include <sys/types.h>
| #endif
| #ifdef HAVE_SYS_STAT_H
| # include <sys/stat.h>
| #endif
| #ifdef STDC_HEADERS
| # include <stdlib.h>
| # include <stddef.h>
| #else
| # ifdef HAVE_STDLIB_H
| #  include <stdlib.h>
| # endif
| #endif
| #ifdef HAVE_STRING_H
| # if !defined STDC_HEADERS && defined HAVE_MEMORY_H
| #  include <memory.h>
| # endif
| # include <string.h>
| #endif
| #ifdef HAVE_STRINGS_H
| # include <strings.h>
| #endif
| #ifdef HAVE_INTTYPES_H
| # include <inttypes.h>
| #endif
| #ifdef HAVE_STDINT_H
| # include <stdint.h>
| #endif
| #ifdef HAVE_UNISTD_H
| # include <unistd.h>
| #endif
| int
| main ()
| {
| if (sizeof ((size_t)))
| 	    return 0;
|   ;
|   return 0;
| }
configure:3718: result: yes
configure:3729: checking for ANSI C header files
configure:3833: result: yes
configure:3844: checking for string.h
configure:3844: result: yes
configure:3844: checking malloc.h usability
configure:3844: aarch64-openwrt-linux-musl-gcc -c -Os -O2 -Wno-unused-but-set-variable -Werror=implicit-function-declaration -DFX_NAND_BOOT -DCONFIG_QCA_SDK -DU12H404 -DRBR750 -DORBI_AX -DORBI_AX_ROUTER -DU12H340 -DR7800 -DRBW50 -DORBI_WALLPLUG -DORBI_ROUTER -DINCLULDE_2ND_5G_RADIO -DDUAL_TRI_BAND_HW_SUPPORT -DWLAN_REPEATER -DRESTART_ALL_PROCESSES -DMULTIPLE_SSID -DENABLE_ML -DOPEN_SOURCE_SUPPORT -DINCLUDE_DUAL_BAND -DSINGLE_FIRMWARE -DINCLUDE_GET_ST_CHKSUM -DUNIFIED_STR_TBL -DFIRST_MTD_ROTATION -DWIFI_ON_OFF_SCHE -DAUTO_CONN_24HR -DIGMP_PROXY -D__CONFIG_IGMP_SNOOPING__ -DLINUX26 -DINCLUDE_IPV6 -DPRESET_WL_SECURITY -DSUPPORT_AC_MODE -DPPP_RU_DESIGN -DSOAP_API_20 -DSOAP_API_ORBI -DSW_3_0_SPEC -DORBI_WALL_ -DINCLUDE_ROUTER_ANALYTICS -DAP_MODE -DCONFIG_ARNONAT -Os -DLINUX26 -DCONFIG_KERNEL_2_6_36 -DXAGENT_CLOUD_SUPPORT -DOPENDNS_PARENTAL_CONTROL  conftest.c >&5
configure:3844: $? = 0
configure:3844: result: yes
configure:3844: checking malloc.h presence
configure:3844: aarch64-openwrt-linux-musl-gcc -E  conftest.c
configure:3844: $? = 0
configure:3844: result: yes
configure:3844: checking for malloc.h
configure:3844: result: yes
configure:3844: checking for sys/types.h
configure:3844: result: yes
configure:3859: checking for working alloca.h
configure:3876: aarch64-openwrt-linux-musl-gcc -o conftest -Os -O2 -Wno-unused-but-set-variable -Werror=implicit-function-declaration -DFX_NAND_BOOT -DCONFIG_QCA_SDK -DU12H404 -DRBR750 -DORBI_AX -DORBI_AX_ROUTER -DU12H340 -DR7800 -DRBW50 -DORBI_WALLPLUG -DORBI_ROUTER -DINCLULDE_2ND_5G_RADIO -DDUAL_TRI_BAND_HW_SUPPORT -DWLAN_REPEATER -DRESTART_ALL_PROCESSES -DMULTIPLE_SSID -DENABLE_ML -DOPEN_SOURCE_SUPPORT -DINCLUDE_DUAL_BAND -DSINGLE_FIRMWARE -DINCLUDE_GET_ST_CHKSUM -DUNIFIED_STR_TBL -DFIRST_MTD_ROTATION -DWIFI_ON_OFF_SCHE -DAUTO_CONN_24HR -DIGMP_PROXY -D__CONFIG_IGMP_SNOOPING__ -DLINUX26 -DINCLUDE_IPV6 -DPRESET_WL_SECURITY -DSUPPORT_AC_MODE -DPPP_RU_DESIGN -DSOAP_API_20 -DSOAP_API_ORBI -DSW_3_0_SPEC -DORBI_WALL_ -DINCLUDE_ROUTER_ANALYTICS -DAP_MODE -DCONFIG_ARNONAT -Os -DLINUX26 -DCONFIG_KERNEL_2_6_36 -DXAGENT_CLOUD_SUPPORT -DOPENDNS_PARENTAL_CONTROL   conftest.c  >&5
configure:3876: $? = 0
configure:3884: result: yes
configure:3892: checking for alloca
configure:3929: aarch64-openwrt-linux-musl-gcc -o conftest -Os -O2 -Wno-unused-but-set-variable -Werror=implicit-function-declaration -DFX_NAND_BOOT -DCONFIG_QCA_SDK -DU12H404 -DRBR750 -DORBI_AX -DORBI_AX_ROUTER -DU12H340 -DR7800 -DRBW50 -DORBI_WALLPLUG -DORBI_ROUTER -DINCLULDE_2ND_5G_RADIO -DDUAL_TRI_BAND_HW_SUPPORT -DWLAN_REPEATER -DRESTART_ALL_PROCESSES -DMULTIPLE_SSID -DENABLE_ML -DOPEN_SOURCE_SUPPORT -DINCLUDE_DUAL_BAND -DSINGLE_FIRMWARE -DINCLUDE_GET_ST_CHKSUM -DUNIFIED_STR_TBL -DFIRST_MTD_ROTATION -DWIFI_ON_OFF_SCHE -DAUTO_CONN_24HR -DIGMP_PROXY -D__CONFIG_IGMP_SNOOPING__ -DLINUX26 -DINCLUDE_IPV6 -DPRESET_WL_SECURITY -DSUPPORT_AC_MODE -DPPP_RU_DESIGN -DSOAP_API_20 -DSOAP_API_ORBI -DSW_3_0_SPEC -DORBI_WALL_ -DINCLUDE_ROUTER_ANALYTICS -DAP_MODE -DCONFIG_ARNONAT -Os -DLINUX26 -DCONFIG_KERNEL_2_6_36 -DXAGENT_CLOUD_SUPPORT -DOPENDNS_PARENTAL_CONTROL   conftest.c  >&5
configure:3929: $? = 0
configure:3937: result: yes
configure:4164: creating ./config.status

## ---------------------- ##
## Running config.status. ##
## ---------------------- ##

This file was extended by config.status, which was
generated by GNU Autoconf 2.69.  Invocation command line was

  CONFIG_FILES    = 
  CONFIG_HEADERS  = 
  CONFIG_LINKS    = 
  CONFIG_COMMANDS = 
  $ ./config.status 

on sjvmdevapp039

config.status:824: creating Makefile
config.status:824: creating config.h
config.status:999: config.h is unchanged
config.status:1013: executing default commands

## ---------------- ##
## Cache variables. ##
## ---------------- ##

ac_cv_c_compiler_gnu=yes
ac_cv_c_const=yes
ac_cv_env_CC_set=set
ac_cv_env_CC_value=aarch64-openwrt-linux-musl-gcc
ac_cv_env_CFLAGS_set=set
ac_cv_env_CFLAGS_value='-Os -O2 -Wno-unused-but-set-variable -Werror=implicit-function-declaration -DFX_NAND_BOOT -DCONFIG_QCA_SDK -DU12H404 -DRBR750 -DORBI_AX -DORBI_AX_ROUTER -DU12H340 -DR7800 -DRBW50 -DORBI_WALLPLUG -DORBI_ROUTER -DINCLULDE_2ND_5G_RADIO -DDUAL_TRI_BAND_HW_SUPPORT -DWLAN_REPEATER -DRESTART_ALL_PROCESSES -DMULTIPLE_SSID -DENABLE_ML -DOPEN_SOURCE_SUPPORT -DINCLUDE_DUAL_BAND -DSINGLE_FIRMWARE -DINCLUDE_GET_ST_CHKSUM -DUNIFIED_STR_TBL -DFIRST_MTD_ROTATION -DWIFI_ON_OFF_SCHE -DAUTO_CONN_24HR -DIGMP_PROXY -D__CONFIG_IGMP_SNOOPING__ -DLINUX26 -DINCLUDE_IPV6 -DPRESET_WL_SECURITY -DSUPPORT_AC_MODE -DPPP_RU_DESIGN -DSOAP_API_20 -DSOAP_API_ORBI -DSW_3_0_SPEC -DORBI_WALL_ -DINCLUDE_ROUTER_ANALYTICS -DAP_MODE -DCONFIG_ARNONAT -Os -DLINUX26 -DCONFIG_KERNEL_2_6_36 -DXAGENT_CLOUD_SUPPORT -DOPENDNS_PARENTAL_CONTROL'
ac_cv_env_CPPFLAGS_set=
ac_cv_env_CPPFLAGS_value=
ac_cv_env_CPP_set=set
ac_cv_env_CPP_value='aarch64-openwrt-linux-musl-gcc -E'
ac_cv_env_LDFLAGS_set=
ac_cv_env_LDFLAGS_value=
ac_cv_env_LIBS_set=
ac_cv_env_LIBS_value=
ac_cv_env_YACC_set=
ac_cv_env_YACC_value=
ac_cv_env_YFLAGS_set=
ac_cv_env_YFLAGS_value=
ac_cv_env_build_alias_set=
ac_cv_env_build_alias_value=
ac_cv_env_host_alias_set=set
ac_cv_env_host_alias_value=arm-linux
ac_cv_env_target_alias_set=
ac_cv_env_target_alias_value=
ac_cv_func_alloca_works=yes
ac_cv_header_inttypes_h=yes
ac_cv_header_malloc_h=yes
ac_cv_header_memory_h=yes
ac_cv_header_stdc=yes
ac_cv_header_stdint_h=yes
ac_cv_header_stdlib_h=yes
ac_cv_header_string_h=yes
ac_cv_header_strings_h=yes
ac_cv_header_sys_stat_h=yes
ac_cv_header_sys_types_h=yes
ac_cv_header_unistd_h=yes
ac_cv_objext=o
ac_cv_path_EGREP='/bin/grep -E'
ac_cv_path_GREP=/bin/grep
ac_cv_path_install='/usr/bin/install -c'
ac_cv_prog_CC=aarch64-openwrt-linux-musl-gcc
ac_cv_prog_CPP='aarch64-openwrt-linux-musl-gcc -E'
ac_cv_prog_RANLIB=aarch64-openwrt-linux-musl-ranlib
ac_cv_prog_YACC='bison -y'
ac_cv_prog_cc_c89=
ac_cv_prog_cc_g=yes
ac_cv_prog_make_make_set=yes
ac_cv_type_size_t=yes
ac_cv_working_alloca_h=yes

## ----------------- ##
## Output variables. ##
## ----------------- ##

ALLOCA=''
CC='aarch64-openwrt-linux-musl-gcc'
CFLAGS='-Os -O2 -Wno-unused-but-set-variable -Werror=implicit-function-declaration -DFX_NAND_BOOT -DCONFIG_QCA_SDK -DU12H404 -DRBR750 -DORBI_AX -DORBI_AX_ROUTER -DU12H340 -DR7800 -DRBW50 -DORBI_WALLPLUG -DORBI_ROUTER -DINCLULDE_2ND_5G_RADIO -DDUAL_TRI_BAND_HW_SUPPORT -DWLAN_REPEATER -DRESTART_ALL_PROCESSES -DMULTIPLE_SSID -DENABLE_ML -DOPEN_SOURCE_SUPPORT -DINCLUDE_DUAL_BAND -DSINGLE_FIRMWARE -DINCLUDE_GET_ST_CHKSUM -DUNIFIED_STR_TBL -DFIRST_MTD_ROTATION -DWIFI_ON_OFF_SCHE -DAUTO_CONN_24HR -DIGMP_PROXY -D__CONFIG_IGMP_SNOOPING__ -DLINUX26 -DINCLUDE_IPV6 -DPRESET_WL_SECURITY -DSUPPORT_AC_MODE -DPPP_RU_DESIGN -DSOAP_API_20 -DSOAP_API_ORBI -DSW_3_0_SPEC -DORBI_WALL_ -DINCLUDE_ROUTER_ANALYTICS -DAP_MODE -DCONFIG_ARNONAT -Os -DLINUX26 -DCONFIG_KERNEL_2_6_36 -DXAGENT_CLOUD_SUPPORT -DOPENDNS_PARENTAL_CONTROL'
CPP='aarch64-openwrt-linux-musl-gcc -E'
CPPFLAGS=''
DEFS='-DHAVE_CONFIG_H'
ECHO_C=''
ECHO_N='-n'
ECHO_T=''
EGREP='/bin/grep -E'
EXEEXT=''
GREP='/bin/grep'
INSTALL_DATA='${INSTALL} -m 644'
INSTALL_PROGRAM='${INSTALL}'
INSTALL_SCRIPT='${INSTALL}'
LDFLAGS=''
LIBOBJS=''
LIBS=''
LN_S='ln -s'
LTLIBOBJS=''
OBJEXT='o'
PACKAGE_BUGREPORT=''
PACKAGE_NAME=''
PACKAGE_STRING=''
PACKAGE_TARNAME=''
PACKAGE_URL=''
PACKAGE_VERSION=''
PATH_SEPARATOR=':'
RANLIB='aarch64-openwrt-linux-musl-ranlib'
SET_MAKE=''
SHELL='/bin/sh'
YACC='bison -y'
YFLAGS=''
ac_ct_CC=''
bindir='${exec_prefix}/bin'
build_alias=''
datadir='${datarootdir}'
datarootdir='${prefix}/share'
docdir='${datarootdir}/doc/${PACKAGE}'
dvidir='${docdir}'
exec_prefix='${prefix}'
host_alias='arm-linux'
htmldir='${docdir}'
includedir='${prefix}/include'
infodir='${datarootdir}/info'
libdir='${exec_prefix}/lib'
libexecdir='${exec_prefix}/libexec'
localedir='${datarootdir}/locale'
localstatedir='${prefix}/var'
mandir='${datarootdir}/man'
oldincludedir='/usr/include'
pdfdir='${docdir}'
prefix='/usr/local'
program_transform_name='s,x,x,'
psdir='${docdir}'
sbindir='${exec_prefix}/sbin'
sharedstatedir='${prefix}/com'
sysconfdir='${prefix}/etc'
target_alias=''

## ----------- ##
## confdefs.h. ##
## ----------- ##

/* confdefs.h */
#define PACKAGE_NAME ""
#define PACKAGE_TARNAME ""
#define PACKAGE_VERSION ""
#define PACKAGE_STRING ""
#define PACKAGE_BUGREPORT ""
#define PACKAGE_URL ""
#define STDC_HEADERS 1
#define HAVE_SYS_TYPES_H 1
#define HAVE_SYS_STAT_H 1
#define HAVE_STDLIB_H 1
#define HAVE_STRING_H 1
#define HAVE_MEMORY_H 1
#define HAVE_STRINGS_H 1
#define HAVE_INTTYPES_H 1
#define HAVE_STDINT_H 1
#define HAVE_UNISTD_H 1
#define STDC_HEADERS 1
#define HAVE_STRING_H 1
#define HAVE_MALLOC_H 1
#define HAVE_SYS_TYPES_H 1
#define HAVE_ALLOCA_H 1
#define HAVE_ALLOCA 1

configure: exit 0
